0 info it worked if it ends with ok
1 verbose cli [ 'node', '/usr/local/bin/npm', 'install', 'destroy' ]
2 info using npm@2.11.3
3 info using node@v0.12.7
4 verbose install initial load of /Users/leizhu/Documents/Temp/front-end-frameworks/ReactJS/todo-redux/package.json
5 warn package.json redux-todos-with-undo-example@0.0.1 No repository field.
6 warn package.json redux-todos-with-undo-example@0.0.1 No README data
7 warn package.json redux-todos-with-undo-example@0.0.1 No license field.
8 verbose installManyTop reading scoped package data from /Users/leizhu/Documents/Temp/front-end-frameworks/ReactJS/todo-redux/node_modules/async/package.json
9 verbose installManyTop reading scoped package data from /Users/leizhu/Documents/Temp/front-end-frameworks/ReactJS/todo-redux/node_modules/babel-core/package.json
10 verbose installManyTop reading scoped package data from /Users/leizhu/Documents/Temp/front-end-frameworks/ReactJS/todo-redux/node_modules/babel-loader/package.json
11 verbose installManyTop reading scoped package data from /Users/leizhu/Documents/Temp/front-end-frameworks/ReactJS/todo-redux/node_modules/babel-plugin-react-transform/package.json
12 verbose installManyTop reading scoped package data from /Users/leizhu/Documents/Temp/front-end-frameworks/ReactJS/todo-redux/node_modules/expect/package.json
13 verbose installManyTop reading scoped package data from /Users/leizhu/Documents/Temp/front-end-frameworks/ReactJS/todo-redux/node_modules/express/package.json
14 verbose installManyTop reading scoped package data from /Users/leizhu/Documents/Temp/front-end-frameworks/ReactJS/todo-redux/node_modules/http-errors/package.json
15 verbose installManyTop reading scoped package data from /Users/leizhu/Documents/Temp/front-end-frameworks/ReactJS/todo-redux/node_modules/node-libs-browser/package.json
16 verbose installManyTop reading scoped package data from /Users/leizhu/Documents/Temp/front-end-frameworks/ReactJS/todo-redux/node_modules/react/package.json
17 verbose installManyTop reading scoped package data from /Users/leizhu/Documents/Temp/front-end-frameworks/ReactJS/todo-redux/node_modules/react-dom/package.json
18 verbose installManyTop reading scoped package data from /Users/leizhu/Documents/Temp/front-end-frameworks/ReactJS/todo-redux/node_modules/react-redux/package.json
19 verbose installManyTop reading scoped package data from /Users/leizhu/Documents/Temp/front-end-frameworks/ReactJS/todo-redux/node_modules/react-transform-hmr/package.json
20 verbose installManyTop reading scoped package data from /Users/leizhu/Documents/Temp/front-end-frameworks/ReactJS/todo-redux/node_modules/redux/package.json
21 verbose installManyTop reading scoped package data from /Users/leizhu/Documents/Temp/front-end-frameworks/ReactJS/todo-redux/node_modules/redux-thunk/package.json
22 verbose installManyTop reading scoped package data from /Users/leizhu/Documents/Temp/front-end-frameworks/ReactJS/todo-redux/node_modules/redux-undo/package.json
23 verbose installManyTop reading scoped package data from /Users/leizhu/Documents/Temp/front-end-frameworks/ReactJS/todo-redux/node_modules/tapable/package.json
24 verbose installManyTop reading scoped package data from /Users/leizhu/Documents/Temp/front-end-frameworks/ReactJS/todo-redux/node_modules/webpack/package.json
25 verbose installManyTop reading scoped package data from /Users/leizhu/Documents/Temp/front-end-frameworks/ReactJS/todo-redux/node_modules/webpack-dev-middleware/package.json
26 verbose installManyTop reading scoped package data from /Users/leizhu/Documents/Temp/front-end-frameworks/ReactJS/todo-redux/node_modules/webpack-hot-middleware/package.json
27 info package.json tapable@0.1.9 No repository field.
28 info package.json tapable@0.1.9 No license field.
29 info package.json webpack-dev-middleware@1.2.0 No license field.
30 verbose readDependencies loading dependencies from /Users/leizhu/Documents/Temp/front-end-frameworks/ReactJS/todo-redux/package.json
31 silly cache add args [ 'destroy', null ]
32 verbose cache add spec destroy
33 silly cache add parsed spec { raw: 'destroy',
33 silly cache add   scope: null,
33 silly cache add   name: 'destroy',
33 silly cache add   rawSpec: '',
33 silly cache add   spec: '*',
33 silly cache add   type: 'range' }
34 silly addNamed destroy@*
35 verbose addNamed "*" is a valid semver range for destroy
36 silly addNameRange { name: 'destroy', range: '*', hasData: false }
37 silly mapToRegistry name destroy
38 silly mapToRegistry using default registry
39 silly mapToRegistry registry https://registry.npmjs.org/
40 silly mapToRegistry uri https://registry.npmjs.org/destroy
41 verbose addNameRange registry:https://registry.npmjs.org/destroy not in flight; fetching
42 verbose request uri https://registry.npmjs.org/destroy
43 verbose request no auth needed
44 info attempt registry request try #1 at 5:38:05 PM
45 verbose request id c303d72f1f97a045
46 verbose etag "9IP2CCOQSKNSZL557UODSGT2O"
47 http request GET https://registry.npmjs.org/destroy
48 http 304 https://registry.npmjs.org/destroy
49 silly get cb [ 304,
49 silly get   { date: 'Thu, 05 Nov 2015 22:38:05 GMT',
49 silly get     via: '1.1 varnish',
49 silly get     'cache-control': 'max-age=60',
49 silly get     etag: '"9IP2CCOQSKNSZL557UODSGT2O"',
49 silly get     age: '53',
49 silly get     connection: 'keep-alive',
49 silly get     'x-served-by': 'cache-iad2135-IAD',
49 silly get     'x-cache': 'HIT',
49 silly get     'x-cache-hits': '3',
49 silly get     'x-timer': 'S1446763085.952246,VS0,VE0',
49 silly get     vary: 'Accept' } ]
50 verbose etag https://registry.npmjs.org/destroy from cache
51 verbose get saving destroy to /Users/leizhu/.npm/registry.npmjs.org/destroy/.cache.json
52 silly addNameRange number 2 { name: 'destroy', range: '*', hasData: true }
53 silly addNameRange versions [ 'destroy', [ '1.0.3' ] ]
54 silly addNamed destroy@1.0.3
55 verbose addNamed "1.0.3" is a plain semver version for destroy
56 silly cache afterAdd destroy@1.0.3
57 verbose afterAdd /Users/leizhu/.npm/destroy/1.0.3/package/package.json not in flight; writing
58 verbose afterAdd /Users/leizhu/.npm/destroy/1.0.3/package/package.json written
59 silly install resolved [ { name: 'destroy',
59 silly install resolved     description: 'destroy a stream if possible',
59 silly install resolved     version: '1.0.3',
59 silly install resolved     author:
59 silly install resolved      { name: 'Jonathan Ong',
59 silly install resolved        email: 'me@jongleberry.com',
59 silly install resolved        url: 'http://jongleberry.com' },
59 silly install resolved     contributors: [ [Object] ],
59 silly install resolved     license: 'MIT',
59 silly install resolved     repository:
59 silly install resolved      { type: 'git',
59 silly install resolved        url: 'git+https://github.com/stream-utils/destroy.git' },
59 silly install resolved     devDependencies: { istanbul: '0', mocha: '1' },
59 silly install resolved     scripts:
59 silly install resolved      { test: 'mocha --reporter spec',
59 silly install resolved        'test-cov': 'istanbul cover node_modules/mocha/bin/_mocha -- --reporter dot',
59 silly install resolved        'test-travis': 'istanbul cover node_modules/mocha/bin/_mocha --report lcovonly -- --reporter dot' },
59 silly install resolved     files: [ 'index.js' ],
59 silly install resolved     keywords: [ 'stream', 'streams', 'destroy', 'cleanup', 'leak', 'fd' ],
59 silly install resolved     readme: '# Destroy\n\n[![NPM version][npm-image]][npm-url]\n[![Build status][travis-image]][travis-url]\n[![Test coverage][coveralls-image]][coveralls-url]\n[![Dependency Status][david-image]][david-url]\n[![License][license-image]][license-url]\n[![Downloads][downloads-image]][downloads-url]\n[![Gittip][gittip-image]][gittip-url]\n\nDestroy a stream.\n\n## API\n\n```js\nvar destroy = require(\'destroy\')\n\nvar fs = require(\'fs\')\nvar stream = fs.createReadStream(\'package.json\')\ndestroy(stream)\n```\n\n[npm-image]: https://img.shields.io/npm/v/destroy.svg?style=flat-square\n[npm-url]: https://npmjs.org/package/destroy\n[github-tag]: http://img.shields.io/github/tag/stream-utils/destroy.svg?style=flat-square\n[github-url]: https://github.com/stream-utils/destroy/tags\n[travis-image]: https://img.shields.io/travis/stream-utils/destroy.svg?style=flat-square\n[travis-url]: https://travis-ci.org/stream-utils/destroy\n[coveralls-image]: https://img.shields.io/coveralls/stream-utils/destroy.svg?style=flat-square\n[coveralls-url]: https://coveralls.io/r/stream-utils/destroy?branch=master\n[david-image]: http://img.shields.io/david/stream-utils/destroy.svg?style=flat-square\n[david-url]: https://david-dm.org/stream-utils/destroy\n[license-image]: http://img.shields.io/npm/l/destroy.svg?style=flat-square\n[license-url]: LICENSE.md\n[downloads-image]: http://img.shields.io/npm/dm/destroy.svg?style=flat-square\n[downloads-url]: https://npmjs.org/package/destroy\n[gittip-image]: https://img.shields.io/gittip/jonathanong.svg?style=flat-square\n[gittip-url]: https://www.gittip.com/jonathanong/\n',
59 silly install resolved     readmeFilename: 'README.md',
59 silly install resolved     bugs: { url: 'https://github.com/stream-utils/destroy/issues' },
59 silly install resolved     homepage: 'https://github.com/stream-utils/destroy#readme',
59 silly install resolved     _id: 'destroy@1.0.3',
59 silly install resolved     _shasum: 'b433b4724e71fd8551d9885174851c5fc377e2c9',
59 silly install resolved     _resolved: 'https://registry.npmjs.org/destroy/-/destroy-1.0.3.tgz',
59 silly install resolved     _from: 'destroy@*' } ]
60 info install destroy@1.0.3 into /Users/leizhu/Documents/Temp/front-end-frameworks/ReactJS/todo-redux
61 info installOne destroy@1.0.3
62 verbose installOne of destroy to /Users/leizhu/Documents/Temp/front-end-frameworks/ReactJS/todo-redux not in flight; installing
63 verbose lock using /Users/leizhu/.npm/_locks/destroy-19f72ebab0c79016.lock for /Users/leizhu/Documents/Temp/front-end-frameworks/ReactJS/todo-redux/node_modules/destroy
64 silly install write writing destroy 1.0.3 to /Users/leizhu/Documents/Temp/front-end-frameworks/ReactJS/todo-redux/node_modules/destroy
65 verbose unbuild node_modules/destroy
66 silly gentlyRm /Users/leizhu/Documents/Temp/front-end-frameworks/ReactJS/todo-redux/node_modules/destroy is being purged from base /Users/leizhu/Documents/Temp/front-end-frameworks/ReactJS/todo-redux
67 verbose gentlyRm don't care about contents; nuking /Users/leizhu/Documents/Temp/front-end-frameworks/ReactJS/todo-redux/node_modules/destroy
68 verbose tar unpack /Users/leizhu/.npm/destroy/1.0.3/package.tgz
69 verbose tar unpacking to /Users/leizhu/Documents/Temp/front-end-frameworks/ReactJS/todo-redux/node_modules/destroy
70 silly gentlyRm /Users/leizhu/Documents/Temp/front-end-frameworks/ReactJS/todo-redux/node_modules/destroy is being purged
71 verbose gentlyRm don't care about contents; nuking /Users/leizhu/Documents/Temp/front-end-frameworks/ReactJS/todo-redux/node_modules/destroy
72 silly gunzTarPerm modes [ '755', '644' ]
73 silly gunzTarPerm extractEntry package.json
74 silly gunzTarPerm extractEntry README.md
75 silly gunzTarPerm extractEntry index.js
76 verbose write writing to /Users/leizhu/Documents/Temp/front-end-frameworks/ReactJS/todo-redux/node_modules/destroy/package.json
77 info preinstall destroy@1.0.3
78 verbose readDependencies loading dependencies from /Users/leizhu/Documents/Temp/front-end-frameworks/ReactJS/todo-redux/node_modules/destroy/package.json
79 verbose readDependencies loading dependencies from /Users/leizhu/Documents/Temp/front-end-frameworks/ReactJS/todo-redux/node_modules/destroy/package.json
80 silly install resolved []
81 verbose about to build /Users/leizhu/Documents/Temp/front-end-frameworks/ReactJS/todo-redux/node_modules/destroy
82 info build /Users/leizhu/Documents/Temp/front-end-frameworks/ReactJS/todo-redux/node_modules/destroy
83 info linkStuff destroy@1.0.3
84 silly linkStuff destroy@1.0.3 has /Users/leizhu/Documents/Temp/front-end-frameworks/ReactJS/todo-redux/node_modules as its parent node_modules
85 verbose linkBins destroy@1.0.3
86 verbose linkMans destroy@1.0.3
87 verbose rebuildBundles destroy@1.0.3
88 info install destroy@1.0.3
89 info postinstall destroy@1.0.3
90 verbose unlock done using /Users/leizhu/.npm/_locks/destroy-19f72ebab0c79016.lock for /Users/leizhu/Documents/Temp/front-end-frameworks/ReactJS/todo-redux/node_modules/destroy
91 verbose validateInstall loading /Users/leizhu/Documents/Temp/front-end-frameworks/ReactJS/todo-redux/package.json for validation
92 warn unmet dependency /Users/leizhu/Documents/Temp/front-end-frameworks/ReactJS/todo-redux/node_modules/babel-loader requires babel-core@'^5.4.0' but will load
92 warn unmet dependency /Users/leizhu/Documents/Temp/front-end-frameworks/ReactJS/todo-redux/node_modules/babel-core,
92 warn unmet dependency which is version 6.1.2
93 verbose stack Error: The package babel-core does not satisfy its siblings' peerDependencies requirements!
93 verbose stack     at /usr/local/lib/node_modules/npm/lib/install.js:125:32
93 verbose stack     at /usr/local/lib/node_modules/npm/lib/install.js:267:7
93 verbose stack     at /usr/local/lib/node_modules/npm/node_modules/read-installed/read-installed.js:138:5
93 verbose stack     at /usr/local/lib/node_modules/npm/node_modules/read-installed/read-installed.js:251:14
93 verbose stack     at cb (/usr/local/lib/node_modules/npm/node_modules/slide/lib/async-map.js:47:24)
93 verbose stack     at /usr/local/lib/node_modules/npm/node_modules/read-installed/read-installed.js:251:14
93 verbose stack     at cb (/usr/local/lib/node_modules/npm/node_modules/slide/lib/async-map.js:47:24)
93 verbose stack     at /usr/local/lib/node_modules/npm/node_modules/read-installed/read-installed.js:251:14
93 verbose stack     at cb (/usr/local/lib/node_modules/npm/node_modules/slide/lib/async-map.js:47:24)
93 verbose stack     at /usr/local/lib/node_modules/npm/node_modules/read-installed/read-installed.js:251:14
94 verbose cwd /Users/leizhu/Documents/Temp/front-end-frameworks/ReactJS/todo-redux
95 error Darwin 13.4.0
96 error argv "node" "/usr/local/bin/npm" "install" "destroy"
97 error node v0.12.7
98 error npm  v2.11.3
99 error code EPEERINVALID
100 error peerinvalid The package babel-core does not satisfy its siblings' peerDependencies requirements!
101 verbose exit [ 1, true ]
